[2026-06-27 15:12:43,032] INFO: ==================================================
[2026-06-27 15:12:43,032] INFO: STARTING EDA PLOTTING & REPORT GENERATION
[2026-06-27 15:12:43,033] INFO: ==================================================
[2026-06-27 15:12:44,450] INFO: Saved figure: Fig_03_01_class_distribution (PNG + SVG)
[2026-06-27 15:13:15,044] INFO: Saved figure: Fig_03_02_sample_images (PNG + SVG)
[2026-06-27 15:13:16,597] INFO: Saved figure: Fig_03_03_resolution_histogram (PNG + SVG)
[2026-06-27 15:13:18,235] INFO: Saved figure: Fig_03_04_resolution_scatter (PNG + SVG)
[2026-06-27 15:13:19,659] INFO: Saved figure: Fig_03_05_aspect_ratio_histogram (PNG + SVG)
[2026-06-27 15:13:21,301] INFO: Saved figure: Fig_03_06_filesize_histogram (PNG + SVG)
[2026-06-27 15:13:22,625] INFO: Saved figure: Fig_03_07_brightness_histogram (PNG + SVG)
[2026-06-27 15:13:25,132] INFO: Saved figure: Fig_03_08_blur_histogram (PNG + SVG)
[2026-06-27 15:13:25,153] INFO: Sampling pixel values for RGB Histograms...
[2026-06-27 15:13:47,516] INFO: Saved figure: Fig_03_09_rgb_histogram (PNG + SVG)
[2026-06-27 15:13:49,631] INFO: Saved figure: Fig_03_10_correlation_heatmap (PNG + SVG)
[2026-06-27 15:13:51,190] INFO: Saved figure: Fig_03_11_classwise_brightness (PNG + SVG)
[2026-06-27 15:13:52,817] INFO: Saved figure: Fig_03_12_classwise_resolution (PNG + SVG)
[2026-06-27 15:14:12,670] INFO: Saved figure: Fig_03_13_quality_examples (PNG + SVG)
[2026-06-27 15:14:19,489] INFO: Saved figure: Fig_03_14_summary_dashboard (PNG + SVG)
[2026-06-27 15:14:19,519] INFO: Copied summary_dashboard.png to root results folder: D:\FusionMedAI\results\retina\summary_dashboard.png
[2026-06-27 15:14:19,520] INFO: Saved preprocessing recommendations to D:\FusionMedAI\datasets\metadata\preprocessing_recommendations.json
[2026-06-27 15:14:19,521] INFO: Compiling PDF summary report at D:\FusionMedAI\reports\retina_eda_summary.pdf...
[2026-06-27 15:14:26,957] INFO: Saved PDF report to D:\FusionMedAI\reports\retina_eda_summary.pdf
[2026-06-27 15:14:26,958] INFO: Compiling Markdown summary report at D:\FusionMedAI\reports\retina_eda_summary.md...
[2026-06-27 15:14:26,963] INFO: Saved Markdown report to D:\FusionMedAI\reports\retina_eda_summary.md
[2026-06-27 15:14:26,965] INFO: Copied Markdown report to research directory: D:\FusionMedAI\research\Volume_03_Exploratory_Data_Analysis\retina_eda_summary.md
[2026-06-27 15:14:26,965] INFO: Constructing Jupyter notebook at D:\FusionMedAI\notebooks\retina\eda.ipynb...
[2026-06-27 15:14:26,967] INFO: Jupyter notebook saved successfully at D:\FusionMedAI\notebooks\retina\eda.ipynb
[2026-06-27 15:14:26,974] INFO: Saved manifest JSON to D:\FusionMedAI\results\retina\manifest.json
[2026-06-27 15:14:26,974] INFO: ==================================================
[2026-06-27 15:14:26,974] INFO: EDA PROCESSING COMPLETED IN 103.93 SECONDS
[2026-06-27 15:14:26,974] INFO: ==================================================
